<?xml version="1.0" encoding="UTF-8"?>
<testng-results ignored="0" total="1" passed="1" failed="0" skipped="0">
  <reporter-output>
  </reporter-output>
  <suite started-at="2023-01-07T21:50:27 IST" name="Default suite" finished-at="2023-01-07T21:51:00 IST" duration-ms="32523">
    <groups>
    </groups>
    <test started-at="2023-01-07T21:50:27 IST" name="Default test" finished-at="2023-01-07T21:51:00 IST" duration-ms="32523">
      <class name="com.TestComponents.EndTOEndFlowReduce2">
        <test-method signature="submitOrder()[pri:0, instance:com.TestComponents.EndTOEndFlowReduce2@59505b48]" started-at="2023-01-07T21:50:27 IST" name="submitOrder" finished-at="2023-01-07T21:51:00 IST" duration-ms="32454" status="PASS">
          <reporter-output>
          </reporter-output>
        </test-method> <!-- submitOrder -->
      </class> <!-- com.TestComponents.EndTOEndFlowReduce2 -->
    </test> <!-- Default test -->
  </suite> <!-- Default suite -->
</testng-results>
